test/testdata/dart/build/app/intermediates/manifest_merge_blame_file/release/manifest-merger-blame-release-report.txt
1<?xml version="1.0" encoding="utf-8"?>
2<manifest xmlns:android="http://schemas.android.com/apk/res/android"
3    package="com.bugsnag.examples.flutter"
4    android:versionCode="1"
5    android:versionName="1.0.0" >
6
7    <uses-sdk
8        android:minSdkVersion="16"
8-->src/main/AndroidManifest.xml
9        android:targetSdkVersion="30" />
9-->src/main/AndroidManifest.xml
10    <!-- Required: Used to deliver Bugsnag crash reports -->
11    <uses-permission android:name="android.permission.INTERNET" />
11-->[com.bugsnag:bugsnag-android-core:5.28.0] AndroidManifest.xml:8:5-67
11-->[com.bugsnag:bugsnag-android-core:5.28.0] AndroidManifest.xml:8:22-64
12    <uses-permission android:name="android.permission.ACCESS_NETWORK_STATE" />
12-->[com.bugsnag:bugsnag-android-core:5.28.0] AndroidManifest.xml:9:5-79
12-->[com.bugsnag:bugsnag-android-core:5.28.0] AndroidManifest.xml:9:22-76
13
14    <application
14-->src/main/AndroidManifest.xml:4:5-32:19
15        android:appComponentFactory="androidx.core.app.CoreComponentFactory"
15-->[androidx.core:core:1.1.0] AndroidManifest.xml:24:18-86
16        android:icon="@mipmap/ic_launcher"
16-->src/main/AndroidManifest.xml:5:9-43
17        android:label="Bugsnag Flutter Example" >
17-->src/main/AndroidManifest.xml:6:9-48
18        <activity
18-->src/main/AndroidManifest.xml:7:9-26:20
19            android:name="com.bugsnag.examples.flutter.MainActivity"
19-->src/main/AndroidManifest.xml:8:13-41
20            android:configChanges="orientation|keyboardHidden|keyboard|screenSize|smallestScreenSize|locale|layoutDirection|fontScale|screenLayout|density|uiMode"
20-->src/main/AndroidManifest.xml:9:13-163
21            android:exported="true"
21-->src/main/AndroidManifest.xml:10:13-36
22            android:hardwareAccelerated="true"
22-->src/main/AndroidManifest.xml:11:13-47
23            android:launchMode="singleTop"
23-->src/main/AndroidManifest.xml:12:13-43
24            android:theme="@style/LaunchTheme"
24-->src/main/AndroidManifest.xml:13:13-47
25            android:windowSoftInputMode="adjustResize" >
25-->src/main/AndroidManifest.xml:14:13-55
26
27            <!--
28                 Specifies an Android theme to apply to this Activity as soon as
29                 the Android process has started. This theme is visible to the user
30                 while the Flutter UI initializes. After that, this theme continues
31                 to determine the Window background behind the Flutter UI.
32            -->
33            <meta-data
33-->src/main/AndroidManifest.xml:19:13-21:57
34                android:name="io.flutter.embedding.android.NormalTheme"
34-->src/main/AndroidManifest.xml:20:17-72
35                android:resource="@style/NormalTheme" />
35-->src/main/AndroidManifest.xml:21:17-54
36
37            <intent-filter>
37-->src/main/AndroidManifest.xml:22:13-25:29
38                <action android:name="android.intent.action.MAIN" />
38-->src/main/AndroidManifest.xml:23:17-69
38-->src/main/AndroidManifest.xml:23:25-66
39
40                <category android:name="android.intent.category.LAUNCHER" />
40-->src/main/AndroidManifest.xml:24:17-77
40-->src/main/AndroidManifest.xml:24:27-74
41            </intent-filter>
42        </activity>
43        <!--
44             Don't delete the meta-data below.
45             This is used by the Flutter tool to generate GeneratedPluginRegistrant.java
46        -->
47        <meta-data
47-->src/main/AndroidManifest.xml:29:9-31:33
48            android:name="flutterEmbedding"
48-->src/main/AndroidManifest.xml:30:13-44
49            android:value="2" />
49-->src/main/AndroidManifest.xml:31:13-30
50    </application>
51
52</manifest>